0 info it worked if it ends with ok
1 verbose cli [
1 verbose cli   'C:\\Program Files\\nodejs\\node.exe',
1 verbose cli   'C:\\Program Files\\nodejs\\node_modules\\npm\\bin\\npm-cli.js',
1 verbose cli   'start'
1 verbose cli ]
2 info using npm@6.14.11
3 info using node@v14.16.0
4 verbose run-script [ 'prestart', 'start', 'poststart' ]
5 info lifecycle hunt-the-wampus@0.0.0~prestart: hunt-the-wampus@0.0.0
6 info lifecycle hunt-the-wampus@0.0.0~start: hunt-the-wampus@0.0.0
7 verbose lifecycle hunt-the-wampus@0.0.0~start: unsafe-perm in lifecycle true
8 verbose lifecycle hunt-the-wampus@0.0.0~start: PATH: C:\Program Files\nodejs\node_modules\npm\node_modules\npm-lifecycle\node-gyp-bin;C:\Users\Joskar\projects\wampus\node_modules\.bin;C:\Program Files\Git\mingw64\bin;C:\Program Files\Git\usr\bin;C:\Users\Joskar\bin;C:\Program Files\Common Files\Oracle\Java\javapath;C:\Program Files (x86)\Common Files\Oracle\Java\javapath;C:\WINDOWS\system32;C:\WINDOWS;C:\WINDOWS\System32\Wbem;C:\WINDOWS\System32\WindowsPowerShell\v1.0;C:\Program Files\dotnet;C:\Program Files\Microsoft SQL Server\130\Tools\Binn;C:\xampp\php;C:\ProgramData\ComposerSetup\bin;C:\WINDOWS\System32\OpenSSH;C:\Program Files\Git\cmd;C:\Program Files (x86)\Microsoft SQL Server\150\DTS\Binn;C:\Program Files (x86)\Bitvise SSH Client;C:\Program Files\PuTTY;C:\Program Files (x86)\Intel\Intel(R) Management Engine Components\DAL;C:\Program Files\Intel\Intel(R) Management Engine Components\DAL;C:\Program Files\Java\jdk1.8.0_191\bin;C:\Program Files\nodejs;C:\Program Files\Docker\Docker\resources\bin;C:\ProgramData\DockerDesktop\version-bin;C:\Users\Joskar\node_modules\.bin;C:\Users\Joskar\AppData\Local\Programs\Python\Python38-32\Scripts;C:\Users\Joskar\AppData\Local\Programs\Python\Python38-32;C:\Users\Joskar\AppData\Local\Microsoft\WindowsApps;C:\Program Files\JetBrains\IntelliJ IDEA Community Edition 2018.3.4\bin;C:\Users\Joskar\AppData\Local\Programs\Microsoft VS Code\bin;C:\Users\Joskar\AppData\Roaming\Composer\vendor\bin;C:\Program Files\nodejs;C:\Users\Joskar\desktop\new folder\npm-globalnpm;C:\Program Files\Java\jdk-18.0.2\bin;C:\Users\Joskar\AppData\Local\Android\Sdk\platform-tools
9 verbose lifecycle hunt-the-wampus@0.0.0~start: CWD: C:\Users\Joskar\projects\wampus
10 silly lifecycle hunt-the-wampus@0.0.0~start: Args: [ '/d /s /c', 'ng serve' ]
11 silly lifecycle hunt-the-wampus@0.0.0~start: Returned: code: 1  signal: null
12 info lifecycle hunt-the-wampus@0.0.0~start: Failed to exec start script
13 verbose stack Error: hunt-the-wampus@0.0.0 start: `ng serve`
13 verbose stack Exit status 1
13 verbose stack     at EventEmitter.<anonymous> (C:\Program Files\nodejs\node_modules\npm\node_modules\npm-lifecycle\index.js:332:16)
13 verbose stack     at EventEmitter.emit (events.js:315:20)
13 verbose stack     at ChildProcess.<anonymous> (C:\Program Files\nodejs\node_modules\npm\node_modules\npm-lifecycle\lib\spawn.js:55:14)
13 verbose stack     at ChildProcess.emit (events.js:315:20)
13 verbose stack     at maybeClose (internal/child_process.js:1048:16)
13 verbose stack     at Process.ChildProcess._handle.onexit (internal/child_process.js:288:5)
14 verbose pkgid hunt-the-wampus@0.0.0
15 verbose cwd C:\Users\Joskar\projects\wampus
16 verbose Windows_NT 10.0.19044
17 verbose argv "C:\\Program Files\\nodejs\\node.exe" "C:\\Program Files\\nodejs\\node_modules\\npm\\bin\\npm-cli.js" "start"
18 verbose node v14.16.0
19 verbose npm  v6.14.11
20 error code ELIFECYCLE
21 error errno 1
22 error hunt-the-wampus@0.0.0 start: `ng serve`
22 error Exit status 1
23 error Failed at the hunt-the-wampus@0.0.0 start script.
23 error This is probably not a problem with npm. There is likely additional logging output above.
24 verbose exit [ 1, true ]
